This file contains any messages produced by compilers while
running configure, to aid debugging if configure makes a mistake.

It was created by systems-utils configure 0.1, which was
generated by GNU Autoconf 2.69.  Invocation command line was

  $ ./configure 

## --------- ##
## Platform. ##
## --------- ##

hostname = varnish.jhelt-qv39378.psi-pg0.wisc.cloudlab.us
uname -m = x86_64
uname -r = 4.4.0-116-generic
uname -s = Linux
uname -v = #140-Ubuntu SMP Mon Feb 12 21:23:04 UTC 2018

/usr/bin/uname -p = unknown
/bin/uname -X     = unknown

/bin/arch              = unknown
/usr/bin/arch -k       = unknown
/usr/convex/getsysinfo = unknown
/usr/bin/hostinfo      = unknown
/bin/machine           = unknown
/usr/bin/oslevel       = unknown
/bin/universe          = unknown

PATH: /users/jhelt/bin
PATH: /users/jhelt/.local/bin
PATH: /usr/local/sbin
PATH: /usr/local/bin
PATH: /usr/sbin
PATH: /usr/bin
PATH: /sbin
PATH: /bin
PATH: /usr/games
PATH: /usr/local/games


## ----------- ##
## Core tests. ##
## ----------- ##

configure:1950: checking for a BSD-compatible install
configure:2018: result: /usr/bin/install -c
configure:2029: checking whether build environment is sane
configure:2084: result: yes
configure:2235: checking for a thread-safe mkdir -p
configure:2274: result: /bin/mkdir -p
configure:2281: checking for gawk
configure:2297: found /usr/bin/gawk
configure:2308: result: gawk
configure:2319: checking whether make sets $(MAKE)
configure:2341: result: yes
configure:2370: checking whether make supports nested variables
configure:2387: result: yes
configure:2561: checking for gcc
configure:2577: found /usr/bin/gcc
configure:2588: result: gcc
configure:2817: checking for C compiler version
configure:2826: gcc --version >&5
gcc (Ubuntu 5.4.0-6ubuntu1~16.04.9) 5.4.0 20160609
Copyright (C) 2015 Free Software Foundation, Inc.
This is free software; see the source for copying conditions.  There is NO
warranty; not even for MERCHANTABILITY or FITNESS FOR A PARTICULAR PURPOSE.

configure:2837: $? = 0
configure:2826: gcc -v >&5
Using built-in specs.
COLLECT_GCC=gcc
COLLECT_LTO_WRAPPER=/usr/lib/gcc/x86_64-linux-gnu/5/lto-wrapper
Target: x86_64-linux-gnu
Configured with: ../src/configure -v --with-pkgversion='Ubuntu 5.4.0-6ubuntu1~16.04.9' --with-bugurl=file:///usr/share/doc/gcc-5/README.Bugs --enable-languages=c,ada,c++,java,go,d,fortran,objc,obj-c++ --prefix=/usr --program-suffix=-5 --enable-shared --enable-linker-build-id --libexecdir=/usr/lib --without-included-gettext --enable-threads=posix --libdir=/usr/lib --enable-nls --with-sysroot=/ --enable-clocale=gnu --enable-libstdcxx-debug --enable-libstdcxx-time=yes --with-default-libstdcxx-abi=new --enable-gnu-unique-object --disable-vtable-verify --enable-libmpx --enable-plugin --with-system-zlib --disable-browser-plugin --enable-java-awt=gtk --enable-gtk-cairo --with-java-home=/usr/lib/jvm/java-1.5.0-gcj-5-amd64/jre --enable-java-home --with-jvm-root-dir=/usr/lib/jvm/java-1.5.0-gcj-5-amd64 --with-jvm-jar-dir=/usr/lib/jvm-exports/java-1.5.0-gcj-5-amd64 --with-arch-directory=amd64 --with-ecj-jar=/usr/share/java/eclipse-ecj.jar --enable-objc-gc --enable-multiarch --disable-werror --with-arch-32=i686 --with-abi=m64 --with-multilib-list=m32,m64,mx32 --enable-multilib --with-tune=generic --enable-checking=release --build=x86_64-linux-gnu --host=x86_64-linux-gnu --target=x86_64-linux-gnu
Thread model: posix
gcc version 5.4.0 20160609 (Ubuntu 5.4.0-6ubuntu1~16.04.9) 
configure:2837: $? = 0
configure:2826: gcc -V >&5
gcc: error: unrecognized command line option '-V'
gcc: fatal error: no input files
compilation terminated.
configure:2837: $? = 1
configure:2826: gcc -qversion >&5
gcc: error: unrecognized command line option '-qversion'
gcc: fatal error: no input files
compilation terminated.
configure:2837: $? = 1
configure:2857: checking whether the C compiler works
configure:2879: gcc    conftest.c  >&5
configure:2883: $? = 0
configure:2931: result: yes
configure:2934: checking for C compiler default output file name
configure:2936: result: a.out
configure:2942: checking for suffix of executables
configure:2949: gcc -o conftest    conftest.c  >&5
configure:2953: $? = 0
configure:2975: result: 
configure:2997: checking whether we are cross compiling
configure:3005: gcc -o conftest    conftest.c  >&5
configure:3009: $? = 0
configure:3016: ./conftest
configure:3020: $? = 0
configure:3035: result: no
configure:3040: checking for suffix of object files
configure:3062: gcc -c   conftest.c >&5
configure:3066: $? = 0
configure:3087: result: o
configure:3091: checking whether we are using the GNU C compiler
configure:3110: gcc -c   conftest.c >&5
configure:3110: $? = 0
configure:3119: result: yes
configure:3128: checking whether gcc accepts -g
configure:3148: gcc -c -g  conftest.c >&5
configure:3148: $? = 0
configure:3189: result: yes
configure:3206: checking for gcc option to accept ISO C89
configure:3269: gcc  -c -g -O2  conftest.c >&5
configure:3269: $? = 0
configure:3282: result: none needed
configure:3307: checking whether gcc understands -c and -o together
configure:3329: gcc -c conftest.c -o conftest2.o
configure:3332: $? = 0
configure:3329: gcc -c conftest.c -o conftest2.o
configure:3332: $? = 0
configure:3344: result: yes
configure:3372: checking for style of include used by make
configure:3400: result: GNU
configure:3426: checking dependency style of gcc
configure:3537: result: gcc3
configure:3552: checking for gcc option to accept ISO C99
configure:3701: gcc  -c -g -O2  conftest.c >&5
configure:3701: $? = 0
configure:3714: result: none needed
configure:3734: checking build system type
configure:3748: result: x86_64-pc-linux-gnu
configure:3768: checking host system type
configure:3781: result: x86_64-pc-linux-gnu
configure:3801: checking for a sed that does not truncate output
configure:3865: result: /bin/sed
configure:3876: checking how to run the C preprocessor
configure:3907: gcc -E  conftest.c
configure:3907: $? = 0
configure:3921: gcc -E  conftest.c
conftest.c:11:28: fatal error: ac_nonexistent.h: No such file or directory
compilation terminated.
configure:3921: $? = 1
configure: failed program was:
| /* confdefs.h */
| #define PACKAGE_NAME "systems-utils"
| #define PACKAGE_TARNAME "systems-utils"
| #define PACKAGE_VERSION "0.1"
| #define PACKAGE_STRING "systems-utils 0.1"
| #define PACKAGE_BUGREPORT "jh1@fastmail.com"
| #define PACKAGE_URL ""
| #define PACKAGE "systems-utils"
| #define VERSION "0.1"
| /* end confdefs.h.  */
| #include <ac_nonexistent.h>
configure:3946: result: gcc -E
configure:3966: gcc -E  conftest.c
configure:3966: $? = 0
configure:3980: gcc -E  conftest.c
conftest.c:11:28: fatal error: ac_nonexistent.h: No such file or directory
compilation terminated.
configure:3980: $? = 1
configure: failed program was:
| /* confdefs.h */
| #define PACKAGE_NAME "systems-utils"
| #define PACKAGE_TARNAME "systems-utils"
| #define PACKAGE_VERSION "0.1"
| #define PACKAGE_STRING "systems-utils 0.1"
| #define PACKAGE_BUGREPORT "jh1@fastmail.com"
| #define PACKAGE_URL ""
| #define PACKAGE "systems-utils"
| #define VERSION "0.1"
| /* end confdefs.h.  */
| #include <ac_nonexistent.h>
configure:4009: checking for grep that handles long lines and -e
configure:4067: result: /bin/grep
configure:4072: checking for egrep
configure:4134: result: /bin/grep -E
configure:4322: checking whether gcc is Clang
configure:4347: result: no
configure:4470: checking whether pthreads work with -pthread
configure:4564: gcc -o conftest -g -O2 -pthread   conftest.c   >&5
configure:4564: $? = 0
configure:4573: result: yes
configure:4592: checking for joinable pthread attribute
configure:4610: gcc -o conftest -g -O2 -pthread   conftest.c   >&5
configure:4610: $? = 0
configure:4618: result: PTHREAD_CREATE_JOINABLE
configure:4632: checking whether more special flags are required for pthreads
configure:4645: result: no
configure:4653: checking for PTHREAD_PRIO_INHERIT
configure:4669: gcc -o conftest -g -O2 -pthread   conftest.c   >&5
configure:4669: $? = 0
configure:4678: result: yes
configure:4895: checking that generated files are newer than configure
configure:4901: result: done
configure:4924: creating ./config.status

## ---------------------- ##
## Running config.status. ##
## ---------------------- ##

This file was extended by systems-utils config.status 0.1, which was
generated by GNU Autoconf 2.69.  Invocation command line was

  CONFIG_FILES    = 
  CONFIG_HEADERS  = 
  CONFIG_LINKS    = 
  CONFIG_COMMANDS = 
  $ ./config.status 

on varnish.jhelt-qv39378.psi-pg0.wisc.cloudlab.us

config.status:859: creating Makefile
config.status:859: creating bench/Makefile
config.status:859: creating config.h
config.status:1088: executing depfiles commands

## ---------------- ##
## Cache variables. ##
## ---------------- ##

ac_cv_build=x86_64-pc-linux-gnu
ac_cv_c_compiler_gnu=yes
ac_cv_env_CC_set=
ac_cv_env_CC_value=
ac_cv_env_CFLAGS_set=
ac_cv_env_CFLAGS_value=
ac_cv_env_CPPFLAGS_set=
ac_cv_env_CPPFLAGS_value=
ac_cv_env_CPP_set=
ac_cv_env_CPP_value=
ac_cv_env_LDFLAGS_set=
ac_cv_env_LDFLAGS_value=
ac_cv_env_LIBS_set=
ac_cv_env_LIBS_value=
ac_cv_env_build_alias_set=
ac_cv_env_build_alias_value=
ac_cv_env_host_alias_set=
ac_cv_env_host_alias_value=
ac_cv_env_target_alias_set=
ac_cv_env_target_alias_value=
ac_cv_host=x86_64-pc-linux-gnu
ac_cv_objext=o
ac_cv_path_EGREP='/bin/grep -E'
ac_cv_path_GREP=/bin/grep
ac_cv_path_SED=/bin/sed
ac_cv_path_install='/usr/bin/install -c'
ac_cv_path_mkdir=/bin/mkdir
ac_cv_prog_AWK=gawk
ac_cv_prog_CPP='gcc -E'
ac_cv_prog_ac_ct_CC=gcc
ac_cv_prog_cc_c89=
ac_cv_prog_cc_c99=
ac_cv_prog_cc_g=yes
ac_cv_prog_make_make_set=yes
am_cv_CC_dependencies_compiler_type=gcc3
am_cv_make_support_nested_variables=yes
am_cv_prog_cc_c_o=yes
ax_cv_PTHREAD_CLANG=no
ax_cv_PTHREAD_JOINABLE_ATTR=PTHREAD_CREATE_JOINABLE
ax_cv_PTHREAD_PRIO_INHERIT=yes
ax_cv_PTHREAD_SPECIAL_FLAGS=no

## ----------------- ##
## Output variables. ##
## ----------------- ##

ACLOCAL='${SHELL} /usr/local/src/systems-utils/missing aclocal-1.15'
AMDEPBACKSLASH='\'
AMDEP_FALSE='#'
AMDEP_TRUE=''
AMTAR='$${TAR-tar}'
AM_BACKSLASH='\'
AM_DEFAULT_V='$(AM_DEFAULT_VERBOSITY)'
AM_DEFAULT_VERBOSITY='1'
AM_V='$(V)'
AUTOCONF='${SHELL} /usr/local/src/systems-utils/missing autoconf'
AUTOHEADER='${SHELL} /usr/local/src/systems-utils/missing autoheader'
AUTOMAKE='${SHELL} /usr/local/src/systems-utils/missing automake-1.15'
AWK='gawk'
CC='gcc'
CCDEPMODE='depmode=gcc3'
CFLAGS='-g -O2'
CPP='gcc -E'
CPPFLAGS=''
CYGPATH_W='echo'
DEFS='-DHAVE_CONFIG_H'
DEPDIR='.deps'
ECHO_C=''
ECHO_N='-n'
ECHO_T=''
EGREP='/bin/grep -E'
EXEEXT=''
GREP='/bin/grep'
INSTALL_DATA='${INSTALL} -m 644'
INSTALL_PROGRAM='${INSTALL}'
INSTALL_SCRIPT='${INSTALL}'
INSTALL_STRIP_PROGRAM='$(install_sh) -c -s'
LDFLAGS=''
LIBOBJS=''
LIBS=''
LTLIBOBJS=''
MAKEINFO='${SHELL} /usr/local/src/systems-utils/missing makeinfo'
MKDIR_P='/bin/mkdir -p'
OBJEXT='o'
PACKAGE='systems-utils'
PACKAGE_BUGREPORT='jh1@fastmail.com'
PACKAGE_NAME='systems-utils'
PACKAGE_STRING='systems-utils 0.1'
PACKAGE_TARNAME='systems-utils'
PACKAGE_URL=''
PACKAGE_VERSION='0.1'
PATH_SEPARATOR=':'
PTHREAD_CC='gcc'
PTHREAD_CFLAGS='-pthread'
PTHREAD_LIBS=''
SED='/bin/sed'
SET_MAKE=''
SHELL='/bin/bash'
STRIP=''
VERSION='0.1'
ac_ct_CC='gcc'
am__EXEEXT_FALSE=''
am__EXEEXT_TRUE='#'
am__fastdepCC_FALSE='#'
am__fastdepCC_TRUE=''
am__include='include'
am__isrc=''
am__leading_dot='.'
am__nodep='_no'
am__quote=''
am__tar='$${TAR-tar} chof - "$$tardir"'
am__untar='$${TAR-tar} xf -'
ax_pthread_config=''
bindir='${exec_prefix}/bin'
build='x86_64-pc-linux-gnu'
build_alias=''
build_cpu='x86_64'
build_os='linux-gnu'
build_vendor='pc'
datadir='${datarootdir}'
datarootdir='${prefix}/share'
docdir='${datarootdir}/doc/${PACKAGE_TARNAME}'
dvidir='${docdir}'
exec_prefix='${prefix}'
host='x86_64-pc-linux-gnu'
host_alias=''
host_cpu='x86_64'
host_os='linux-gnu'
host_vendor='pc'
htmldir='${docdir}'
includedir='${prefix}/include'
infodir='${datarootdir}/info'
install_sh='${SHELL} /usr/local/src/systems-utils/install-sh'
libdir='${exec_prefix}/lib'
libexecdir='${exec_prefix}/libexec'
localedir='${datarootdir}/locale'
localstatedir='${prefix}/var'
mandir='${datarootdir}/man'
mkdir_p='$(MKDIR_P)'
oldincludedir='/usr/include'
pdfdir='${docdir}'
prefix='/usr/local'
program_transform_name='s,x,x,'
psdir='${docdir}'
runstatedir='${localstatedir}/run'
sbindir='${exec_prefix}/sbin'
sharedstatedir='${prefix}/com'
sysconfdir='${prefix}/etc'
target_alias=''

## ----------- ##
## confdefs.h. ##
## ----------- ##

/* confdefs.h */
#define PACKAGE_NAME "systems-utils"
#define PACKAGE_TARNAME "systems-utils"
#define PACKAGE_VERSION "0.1"
#define PACKAGE_STRING "systems-utils 0.1"
#define PACKAGE_BUGREPORT "jh1@fastmail.com"
#define PACKAGE_URL ""
#define PACKAGE "systems-utils"
#define VERSION "0.1"
#define HAVE_PTHREAD_PRIO_INHERIT 1
#define HAVE_PTHREAD 1

configure: exit 0
